c:\users\pesi$libadm\source\repos\game---pa9\pa9\debug\vc140.pdb
c:\users\pesi$libadm\source\repos\game---pa9\pa9\debug\vc140.idb
c:\users\pesi$libadm\source\repos\game---pa9\pa9\debug\game.obj
c:\users\pesi$libadm\source\repos\game---pa9\pa9\debug\player.obj
c:\users\pesi$libadm\source\repos\game---pa9\pa9\debug\projectile.obj
c:\users\pesi$libadm\source\repos\game---pa9\pa9\debug\main.obj
c:\users\pesi$libadm\source\repos\game---pa9\pa9\debug\assetmanager.obj
c:\users\pesi$libadm\source\repos\game---pa9\pa9\debug\creditsstate.obj
c:\users\pesi$libadm\source\repos\game---pa9\pa9\debug\instructionscreen.obj
c:\users\pesi$libadm\source\repos\game---pa9\pa9\debug\menuscreen.obj
c:\users\pesi$libadm\source\repos\game---pa9\pa9\debug\menusystem.obj
c:\users\pesi$libadm\source\repos\game---pa9\pa9\debug\splashstate.obj
c:\users\pesi$libadm\source\repos\game---pa9\pa9\debug\statemanager.obj
c:\users\pesi$libadm\source\repos\game---pa9\debug\pa9.ilk
c:\users\pesi$libadm\source\repos\game---pa9\debug\pa9.exe
c:\users\pesi$libadm\source\repos\game---pa9\debug\pa9.pdb
c:\users\pesi$libadm\source\repos\game---pa9\pa9\debug\pa9.tlog\cl.command.1.tlog
c:\users\pesi$libadm\source\repos\game---pa9\pa9\debug\pa9.tlog\cl.read.1.tlog
c:\users\pesi$libadm\source\repos\game---pa9\pa9\debug\pa9.tlog\cl.write.1.tlog
c:\users\pesi$libadm\source\repos\game---pa9\pa9\debug\pa9.tlog\link.command.1.tlog
c:\users\pesi$libadm\source\repos\game---pa9\pa9\debug\pa9.tlog\link.read.1.tlog
c:\users\pesi$libadm\source\repos\game---pa9\pa9\debug\pa9.tlog\link.write.1.tlog
